2009/06/06 13:08:23,340 ERROR BaseVisitor                      PMD exception visiting SimpleUnit.java
net.sourceforge.pmd.PMDException: Error while parsing SimpleUnit.java
	at net.sourceforge.pmd.PMD.processFile(PMD.java:129)
	at net.sourceforge.pmd.PMD.processFile(PMD.java:75)
	at net.sourceforge.pmd.PMD.processFile(PMD.java:172)
	at net.sourceforge.pmd.eclipse.runtime.cmd.BaseVisitor.reviewResource(Unknown Source)
	at net.sourceforge.pmd.eclipse.runtime.cmd.DeltaVisitor.visitChanged(Unknown Source)
	at net.sourceforge.pmd.eclipse.runtime.cmd.DeltaVisitor.visit(Unknown Source)
	at org.eclipse.core.internal.events.ResourceDelta.accept(ResourceDelta.java:68)
	at org.eclipse.core.internal.events.ResourceDelta.accept(ResourceDelta.java:79)
	at org.eclipse.core.internal.events.ResourceDelta.accept(ResourceDelta.java:79)
	at org.eclipse.core.internal.events.ResourceDelta.accept(ResourceDelta.java:79)
	at org.eclipse.core.internal.events.ResourceDelta.accept(ResourceDelta.java:79)
	at org.eclipse.core.internal.events.ResourceDelta.accept(ResourceDelta.java:48)
	at net.sourceforge.pmd.eclipse.runtime.cmd.ReviewCodeCmd.processResourceDelta(Unknown Source)
	at net.sourceforge.pmd.eclipse.runtime.cmd.ReviewCodeCmd.execute(Unknown Source)
	at net.sourceforge.pmd.eclipse.runtime.cmd.JobCommandProcessor$1.run(Unknown Source)
	at org.eclipse.core.internal.jobs.Worker.run(Worker.java:55)
Caused by: net.sourceforge.pmd.ast.ParseException: Encountered " "}" "} "" at line 92, column 17.
Was expecting one of:
    "instanceof" ...
    "=" ...
    "<" ...
    "?" ...
    ":" ...
    "==" ...
    "<=" ...
    ">=" ...
    "!=" ...
    "||" ...
    "&&" ...
    "++" ...
    "--" ...
    "+" ...
    "-" ...
    "*" ...
    "/" ...
    "&" ...
    "|" ...
    "^" ...
    "%" ...
    "+=" ...
    "-=" ...
    "*=" ...
    "/=" ...
    "&=" ...
    "|=" ...
    "^=" ...
    "%=" ...
    "<<=" ...
    ">>=" ...
    ">>>=" ...
    ">" ...
    
	at net.sourceforge.pmd.ast.JavaParser.generateParseException(JavaParser.java:9564)
	at net.sourceforge.pmd.ast.JavaParser.jj_consume_token(JavaParser.java:9448)
	at net.sourceforge.pmd.ast.JavaParser.ConditionalExpression(JavaParser.java:2445)
	at net.sourceforge.pmd.ast.JavaParser.ConditionalExpression(JavaParser.java:2446)
	at net.sourceforge.pmd.ast.JavaParser.Expression(JavaParser.java:2300)
	at net.sourceforge.pmd.ast.JavaParser.ReturnStatement(JavaParser.java:4969)
	at net.sourceforge.pmd.ast.JavaParser.Statement(JavaParser.java:4039)
	at net.sourceforge.pmd.ast.JavaParser.BlockStatement(JavaParser.java:4161)
	at net.sourceforge.pmd.ast.JavaParser.Block(JavaParser.java:4122)
	at net.sourceforge.pmd.ast.JavaParser.Statement(JavaParser.java:3985)
	at net.sourceforge.pmd.ast.JavaParser.IfStatement(JavaParser.java:4482)
	at net.sourceforge.pmd.ast.JavaParser.Statement(JavaParser.java:4021)
	at net.sourceforge.pmd.ast.JavaParser.BlockStatement(JavaParser.java:4161)
	at net.sourceforge.pmd.ast.JavaParser.Block(JavaParser.java:4122)
	at net.sourceforge.pmd.ast.JavaParser.MethodDeclaration(JavaParser.java:1403)
	at net.sourceforge.pmd.ast.JavaParser.ClassOrInterfaceBodyDeclaration(JavaParser.java:1072)
	at net.sourceforge.pmd.ast.JavaParser.ClassOrInterfaceBody(JavaParser.java:991)
	at net.sourceforge.pmd.ast.JavaParser.ClassOrInterfaceDeclaration(JavaParser.java:501)
	at net.sourceforge.pmd.ast.JavaParser.TypeDeclaration(JavaParser.java:393)
	at net.sourceforge.pmd.ast.JavaParser.CompilationUnit(JavaParser.java:151)
	at net.sourceforge.pmd.parsers.Java16Parser.parse(Java16Parser.java:23)
	at net.sourceforge.pmd.PMD.processFile(PMD.java:98)
	... 15 more
2009/06/06 13:12:58,318 ERROR PMDPlugin                        Core Exception : 
org.eclipse.core.internal.resources.ResourceException: Marker id 22060 not found.
	at org.eclipse.core.internal.resources.Marker.checkInfo(Marker.java:56)
	at org.eclipse.core.internal.resources.Marker.getAttribute(Marker.java:97)
	at net.sourceforge.pmd.eclipse.ui.quickfix.PMDResolutionGenerator.getResolutions(Unknown Source)
	at org.eclipse.ui.internal.ide.registry.MarkerHelpRegistry.hasResolution(MarkerHelpRegistry.java:192)
	at org.eclipse.ui.internal.ide.registry.MarkerHelpRegistry.hasResolutions(MarkerHelpRegistry.java:156)
	at org.eclipse.ui.views.markers.MarkerField.annotateImage(MarkerField.java:72)
	at org.eclipse.ui.internal.views.markers.MarkerProblemSeverityAndMessageField.update(MarkerProblemSeverityAndMessageField.java:86)
	at org.eclipse.ui.internal.views.markers.MarkerColumnLabelProvider.update(MarkerColumnLabelProvider.java:62)
	at org.eclipse.jface.viewers.ViewerColumn.refresh(ViewerColumn.java:145)
	at org.eclipse.jface.viewers.AbstractTreeViewer.doUpdateItem(AbstractTreeViewer.java:932)
	at org.eclipse.jface.viewers.AbstractTreeViewer$UpdateItemSafeRunnable.run(AbstractTreeViewer.java:102)
	at org.eclipse.core.runtime.SafeRunner.run(SafeRunner.java:37)
	at org.eclipse.core.runtime.Platform.run(Platform.java:880)
	at org.eclipse.ui.internal.JFaceUtil$1.run(JFaceUtil.java:48)
	at org.eclipse.jface.util.SafeRunnable.run(SafeRunnable.java:175)
	at org.eclipse.jface.viewers.AbstractTreeViewer.doUpdateItem(AbstractTreeViewer.java:1012)
	at org.eclipse.jface.viewers.StructuredViewer$UpdateItemSafeRunnable.run(StructuredViewer.java:466)
	at org.eclipse.core.runtime.SafeRunner.run(SafeRunner.java:37)
	at org.eclipse.core.runtime.Platform.run(Platform.java:880)
	at org.eclipse.ui.internal.JFaceUtil$1.run(JFaceUtil.java:48)
	at org.eclipse.jface.util.SafeRunnable.run(SafeRunnable.java:175)
	at org.eclipse.jface.viewers.StructuredViewer.updateItem(StructuredViewer.java:2041)
	at org.eclipse.jface.viewers.AbstractTreeViewer.createTreeItem(AbstractTreeViewer.java:827)
	at org.eclipse.jface.viewers.AbstractTreeViewer$1.run(AbstractTreeViewer.java:802)
	at org.eclipse.swt.custom.BusyIndicator.showWhile(Unknown Source)
	at org.eclipse.jface.viewers.AbstractTreeViewer.createChildren(AbstractTreeViewer.java:776)
	at org.eclipse.jface.viewers.TreeViewer.createChildren(TreeViewer.java:634)
	at org.eclipse.jface.viewers.AbstractTreeViewer.internalExpandToLevel(AbstractTreeViewer.java:1702)
	at org.eclipse.jface.viewers.AbstractTreeViewer.expandToLevel(AbstractTreeViewer.java:1054)
	at org.eclipse.ui.internal.views.markers.MarkersTreeViewer.expandToLevel(MarkersTreeViewer.java:74)
	at org.eclipse.ui.internal.views.markers.ExtendedMarkersView.reexpandCategories(ExtendedMarkersView.java:1509)
	at org.eclipse.ui.internal.views.markers.ExtendedMarkersView$11.runInUIThread(ExtendedMarkersView.java:1302)
	at org.eclipse.ui.progress.UIJob$1.run(UIJob.java:94)
	at org.eclipse.swt.widgets.RunnableLock.run(Unknown Source)
	at org.eclipse.swt.widgets.Synchronizer.runAsyncMessages(Unknown Source)
	at org.eclipse.swt.widgets.Display.runAsyncMessages(Unknown Source)
	at org.eclipse.swt.widgets.Display.readAndDispatch(Unknown Source)
	at org.eclipse.ui.internal.Workbench.runEventLoop(Workbench.java:2382)
	at org.eclipse.ui.internal.Workbench.runUI(Workbench.java:2346)
	at org.eclipse.ui.internal.Workbench.access$4(Workbench.java:2198)
	at org.eclipse.ui.internal.Workbench$5.run(Workbench.java:493)
	at org.eclipse.core.databinding.observable.Realm.runWithDefault(Realm.java:288)
	at org.eclipse.ui.internal.Workbench.createAndRunWorkbench(Workbench.java:488)
	at org.eclipse.ui.PlatformUI.createAndRunWorkbench(PlatformUI.java:149)
	at org.eclipse.ui.internal.ide.application.IDEApplication.start(IDEApplication.java:113)
	at org.eclipse.equinox.internal.app.EclipseAppHandle.run(EclipseAppHandle.java:193)
	at org.eclipse.core.runtime.internal.adaptor.EclipseAppLauncher.runApplication(EclipseAppLauncher.java:110)
	at org.eclipse.core.runtime.internal.adaptor.EclipseAppLauncher.start(EclipseAppLauncher.java:79)
	at org.eclipse.core.runtime.adaptor.EclipseStarter.run(EclipseStarter.java:386)
	at org.eclipse.core.runtime.adaptor.EclipseStarter.run(EclipseStarter.java:179)
	at sun.reflect.NativeMethodAccessorImpl.invoke0(Native Method)
	at sun.reflect.NativeMethodAccessorImpl.invoke(NativeMethodAccessorImpl.java:39)
	at sun.reflect.DelegatingMethodAccessorImpl.invoke(DelegatingMethodAccessorImpl.java:25)
	at java.lang.reflect.Method.invoke(Method.java:597)
	at org.eclipse.equinox.launcher.Main.invokeFramework(Main.java:549)
	at org.eclipse.equinox.launcher.Main.basicRun(Main.java:504)
	at org.eclipse.equinox.launcher.Main.run(Main.java:1236)
	at org.eclipse.equinox.launcher.Main.main(Main.java:1212)
